nohup: 忽略输入
No model to resume
############ Epoch: 0 start ###############
Train Epoch: 0 [0/100000 (0%)]	Loss: 5.4723
Train Epoch: 0 [25600/100000 (26%)]	Loss: 4.4378
Train Epoch: 0 [51200/100000 (51%)]	Loss: 4.2520
Train Epoch: 0 [76800/100000 (77%)]	Loss: 3.8460
Training time for epoch 0: 82.5711681842804 seconds
Throughput in training for epoch 0: 1211.0764834623915 images/sec
Train set: Average loss: 4.2577
Testing time: 7.605193138122559 seconds
Throughput for testing: 1314.8909986089625 images/sec
Test set: Average loss: 4.4286, Accuracy: 0.1013, Precision: 0.1782, Recall: 0.1013, F1: 0.1231, Average: 0.1260
Saving model at epoch 0 with test loss of 4.4286

############ Epoch: 1 start ###############
Train Epoch: 1 [0/100000 (0%)]	Loss: 3.6053
Train Epoch: 1 [25600/100000 (26%)]	Loss: 3.3804
Train Epoch: 1 [51200/100000 (51%)]	Loss: 3.3920
Train Epoch: 1 [76800/100000 (77%)]	Loss: 3.3763
Training time for epoch 1: 81.77848243713379 seconds
Throughput in training for epoch 1: 1222.8155502503214 images/sec
Train set: Average loss: 3.3959
Testing time: 7.391768217086792 seconds
Throughput for testing: 1352.8562728582351 images/sec
Test set: Average loss: 3.3584, Accuracy: 0.2379, Precision: 0.2668, Recall: 0.2379, F1: 0.2283, Average: 0.2427
Saving model at epoch 1 with test loss of 3.3584

############ Epoch: 2 start ###############
Train Epoch: 2 [0/100000 (0%)]	Loss: 3.0512
Train Epoch: 2 [25600/100000 (26%)]	Loss: 3.0152
Train Epoch: 2 [51200/100000 (51%)]	Loss: 3.0712
Train Epoch: 2 [76800/100000 (77%)]	Loss: 2.9910
Training time for epoch 2: 82.2384467124939 seconds
Throughput in training for epoch 2: 1215.9762738418517 images/sec
Train set: Average loss: 2.9639
Testing time: 7.474264144897461 seconds
Throughput for testing: 1337.924350295649 images/sec
Test set: Average loss: 3.2258, Accuracy: 0.2712, Precision: 0.3184, Recall: 0.2712, F1: 0.2634, Average: 0.2810
Saving model at epoch 2 with test loss of 3.2258

############ Epoch: 3 start ###############
Train Epoch: 3 [0/100000 (0%)]	Loss: 2.6977
Train Epoch: 3 [25600/100000 (26%)]	Loss: 2.6998
Train Epoch: 3 [51200/100000 (51%)]	Loss: 2.5664
Train Epoch: 3 [76800/100000 (77%)]	Loss: 2.7462
Training time for epoch 3: 81.91025924682617 seconds
Throughput in training for epoch 3: 1220.84829079423 images/sec
Train set: Average loss: 2.6161
Testing time: 7.277940034866333 seconds
Throughput for testing: 1374.0151680411118 images/sec
Test set: Average loss: 3.2414, Accuracy: 0.2747, Precision: 0.3500, Recall: 0.2747, F1: 0.2718, Average: 0.2928

############ Epoch: 4 start ###############
Train Epoch: 4 [0/100000 (0%)]	Loss: 2.2874
Train Epoch: 4 [25600/100000 (26%)]	Loss: 2.3133
Train Epoch: 4 [51200/100000 (51%)]	Loss: 2.3781
Train Epoch: 4 [76800/100000 (77%)]	Loss: 2.1805
Training time for epoch 4: 82.88425421714783 seconds
Throughput in training for epoch 4: 1206.5017770204067 images/sec
Train set: Average loss: 2.2619
Testing time: 7.827544927597046 seconds
Throughput for testing: 1277.5397768390542 images/sec
Test set: Average loss: 3.2690, Accuracy: 0.2801, Precision: 0.3610, Recall: 0.2801, F1: 0.2826, Average: 0.3010

############ Epoch: 5 start ###############
Train Epoch: 5 [0/100000 (0%)]	Loss: 1.9760
Train Epoch: 5 [25600/100000 (26%)]	Loss: 1.7818
Train Epoch: 5 [51200/100000 (51%)]	Loss: 1.8959
Train Epoch: 5 [76800/100000 (77%)]	Loss: 1.9671
Training time for epoch 5: 82.40206336975098 seconds
Throughput in training for epoch 5: 1213.561844334945 images/sec
Train set: Average loss: 1.8726
Testing time: 7.2216691970825195 seconds
Throughput for testing: 1384.7214164891266 images/sec
Test set: Average loss: 3.2837, Accuracy: 0.2943, Precision: 0.3514, Recall: 0.2943, F1: 0.2938, Average: 0.3085

############ Epoch: 6 start ###############
Train Epoch: 6 [0/100000 (0%)]	Loss: 1.3306
Train Epoch: 6 [25600/100000 (26%)]	Loss: 1.4311
Train Epoch: 6 [51200/100000 (51%)]	Loss: 1.6346
Train Epoch: 6 [76800/100000 (77%)]	Loss: 1.5792
Training time for epoch 6: 81.8619122505188 seconds
Throughput in training for epoch 6: 1221.5693141148954 images/sec
Train set: Average loss: 1.4294
Testing time: 7.495511293411255 seconds
Throughput for testing: 1334.1318034955473 images/sec
Test set: Average loss: 3.3893, Accuracy: 0.3065, Precision: 0.3495, Recall: 0.3065, F1: 0.3042, Average: 0.3167

############ Epoch: 7 start ###############
Train Epoch: 7 [0/100000 (0%)]	Loss: 0.9303
Train Epoch: 7 [25600/100000 (26%)]	Loss: 0.8676
Train Epoch: 7 [51200/100000 (51%)]	Loss: 0.8890
Train Epoch: 7 [76800/100000 (77%)]	Loss: 1.1167
Training time for epoch 7: 81.62585735321045 seconds
Throughput in training for epoch 7: 1225.101986583506 images/sec
Train set: Average loss: 0.9510
Testing time: 7.357596158981323 seconds
Throughput for testing: 1359.1395591606545 images/sec
Test set: Average loss: 3.7024, Accuracy: 0.3036, Precision: 0.3368, Recall: 0.3036, F1: 0.3002, Average: 0.3110

############ Epoch: 8 start ###############
Train Epoch: 8 [0/100000 (0%)]	Loss: 0.6385
Train Epoch: 8 [25600/100000 (26%)]	Loss: 0.4832
Train Epoch: 8 [51200/100000 (51%)]	Loss: 0.4640
Train Epoch: 8 [76800/100000 (77%)]	Loss: 0.5625
Training time for epoch 8: 83.44515752792358 seconds
Throughput in training for epoch 8: 1198.3918895058302 images/sec
Train set: Average loss: 0.5186
Testing time: 7.589087724685669 seconds
Throughput for testing: 1317.6814345513694 images/sec
Test set: Average loss: 4.2984, Accuracy: 0.2841, Precision: 0.3395, Recall: 0.2841, F1: 0.2878, Average: 0.2989

############ Epoch: 9 start ###############
Train Epoch: 9 [0/100000 (0%)]	Loss: 0.2840
Train Epoch: 9 [25600/100000 (26%)]	Loss: 0.2335
Train Epoch: 9 [51200/100000 (51%)]	Loss: 0.1829
Train Epoch: 9 [76800/100000 (77%)]	Loss: 0.2768
Training time for epoch 9: 82.35188341140747 seconds
Throughput in training for epoch 9: 1214.301311123965 images/sec
Train set: Average loss: 0.2671
Testing time: 7.238560199737549 seconds
Throughput for testing: 1381.490203032721 images/sec
Test set: Average loss: 4.3470, Accuracy: 0.3110, Precision: 0.3331, Recall: 0.3110, F1: 0.3125, Average: 0.3169

############ Epoch: 10 start ###############
Train Epoch: 10 [0/100000 (0%)]	Loss: 0.2113
Train Epoch: 10 [25600/100000 (26%)]	Loss: 0.1025
Train Epoch: 10 [51200/100000 (51%)]	Loss: 0.1292
Train Epoch: 10 [76800/100000 (77%)]	Loss: 0.2006
Training time for epoch 10: 82.7360725402832 seconds
Throughput in training for epoch 10: 1208.6626416949052 images/sec
Train set: Average loss: 0.1853
Testing time: 7.2594945430755615 seconds
Throughput for testing: 1377.5063732968101 images/sec
Test set: Average loss: 4.8253, Accuracy: 0.2954, Precision: 0.3271, Recall: 0.2954, F1: 0.2951, Average: 0.3032

############ Epoch: 11 start ###############
Train Epoch: 11 [0/100000 (0%)]	Loss: 0.1582
Train Epoch: 11 [25600/100000 (26%)]	Loss: 0.1761
Train Epoch: 11 [51200/100000 (51%)]	Loss: 0.1642
Train Epoch: 11 [76800/100000 (77%)]	Loss: 0.1925
Training time for epoch 11: 81.86964106559753 seconds
Throughput in training for epoch 11: 1221.4539931825966 images/sec
Train set: Average loss: 0.2102
Testing time: 7.7540366649627686 seconds
Throughput for testing: 1289.650853108007 images/sec
Test set: Average loss: 4.9906, Accuracy: 0.2951, Precision: 0.3268, Recall: 0.2951, F1: 0.2929, Average: 0.3025

############ Epoch: 12 start ###############
Train Epoch: 12 [0/100000 (0%)]	Loss: 0.1802
Train Epoch: 12 [25600/100000 (26%)]	Loss: 0.1050
Train Epoch: 12 [51200/100000 (51%)]	Loss: 0.1438
Train Epoch: 12 [76800/100000 (77%)]	Loss: 0.2368
Training time for epoch 12: 82.30882596969604 seconds
Throughput in training for epoch 12: 1214.9365371438705 images/sec
Train set: Average loss: 0.1846
Testing time: 7.500691175460815 seconds
Throughput for testing: 1333.2104690186284 images/sec
Test set: Average loss: 5.3176, Accuracy: 0.2862, Precision: 0.3111, Recall: 0.2862, F1: 0.2847, Average: 0.2920

############ Epoch: 13 start ###############
Train Epoch: 13 [0/100000 (0%)]	Loss: 0.1169
Train Epoch: 13 [25600/100000 (26%)]	Loss: 0.1436
Train Epoch: 13 [51200/100000 (51%)]	Loss: 0.0963
Train Epoch: 13 [76800/100000 (77%)]	Loss: 0.1146
Training time for epoch 13: 82.02257299423218 seconds
Throughput in training for epoch 13: 1219.1765796841314 images/sec
Train set: Average loss: 0.1368
Testing time: 7.565463304519653 seconds
Throughput for testing: 1321.796114459499 images/sec
Test set: Average loss: 5.3301, Accuracy: 0.3068, Precision: 0.3314, Recall: 0.3068, F1: 0.3044, Average: 0.3124

############ Epoch: 14 start ###############
Train Epoch: 14 [0/100000 (0%)]	Loss: 0.1233
Train Epoch: 14 [25600/100000 (26%)]	Loss: 0.0562
Train Epoch: 14 [51200/100000 (51%)]	Loss: 0.1606
Train Epoch: 14 [76800/100000 (77%)]	Loss: 0.1571
Training time for epoch 14: 81.47948002815247 seconds
Throughput in training for epoch 14: 1227.3028738701867 images/sec
Train set: Average loss: 0.1251
Testing time: 7.395811557769775 seconds
Throughput for testing: 1352.1166570955093 images/sec
Test set: Average loss: 5.8410, Accuracy: 0.2698, Precision: 0.3152, Recall: 0.2698, F1: 0.2752, Average: 0.2825

############ Epoch: 15 start ###############
Train Epoch: 15 [0/100000 (0%)]	Loss: 0.1093
Train Epoch: 15 [25600/100000 (26%)]	Loss: 0.1150
Train Epoch: 15 [51200/100000 (51%)]	Loss: 0.1340
Train Epoch: 15 [76800/100000 (77%)]	Loss: 0.1368
Training time for epoch 15: 83.04963183403015 seconds
Throughput in training for epoch 15: 1204.0992571748443 images/sec
Train set: Average loss: 0.1310
Testing time: 7.494982481002808 seconds
Throughput for testing: 1334.225933862627 images/sec
Test set: Average loss: 6.1464, Accuracy: 0.2662, Precision: 0.3100, Recall: 0.2662, F1: 0.2635, Average: 0.2765

############ Epoch: 16 start ###############
Train Epoch: 16 [0/100000 (0%)]	Loss: 0.1649
Train Epoch: 16 [25600/100000 (26%)]	Loss: 0.1010
Train Epoch: 16 [51200/100000 (51%)]	Loss: 0.1389
Train Epoch: 16 [76800/100000 (77%)]	Loss: 0.0972
Training time for epoch 16: 83.22277879714966 seconds
Throughput in training for epoch 16: 1201.5941001410656 images/sec
Train set: Average loss: 0.1505
Testing time: 7.411571025848389 seconds
Throughput for testing: 1349.2416068232064 images/sec
Test set: Average loss: 5.8518, Accuracy: 0.2908, Precision: 0.3194, Recall: 0.2908, F1: 0.2906, Average: 0.2979

############ Epoch: 17 start ###############
Train Epoch: 17 [0/100000 (0%)]	Loss: 0.1247
Train Epoch: 17 [25600/100000 (26%)]	Loss: 0.0781
Train Epoch: 17 [51200/100000 (51%)]	Loss: 0.1355
Train Epoch: 17 [76800/100000 (77%)]	Loss: 0.0922
Training time for epoch 17: 83.43956327438354 seconds
Throughput in training for epoch 17: 1198.4722363797487 images/sec
Train set: Average loss: 0.1090
Testing time: 7.445277214050293 seconds
Throughput for testing: 1343.1333330515326 images/sec
Test set: Average loss: 6.0024, Accuracy: 0.2715, Precision: 0.3097, Recall: 0.2715, F1: 0.2749, Average: 0.2819

############ Epoch: 18 start ###############
Train Epoch: 18 [0/100000 (0%)]	Loss: 0.0508
Train Epoch: 18 [25600/100000 (26%)]	Loss: 0.0440
Train Epoch: 18 [51200/100000 (51%)]	Loss: 0.0874
Train Epoch: 18 [76800/100000 (77%)]	Loss: 0.0812
Training time for epoch 18: 82.29480290412903 seconds
Throughput in training for epoch 18: 1215.143562789706 images/sec
Train set: Average loss: 0.0858
Testing time: 7.5448925495147705 seconds
Throughput for testing: 1325.3999224472882 images/sec
Test set: Average loss: 6.1300, Accuracy: 0.2768, Precision: 0.3144, Recall: 0.2768, F1: 0.2764, Average: 0.2861

############ Epoch: 19 start ###############
Train Epoch: 19 [0/100000 (0%)]	Loss: 0.0969
Train Epoch: 19 [25600/100000 (26%)]	Loss: 0.1479
Train Epoch: 19 [51200/100000 (51%)]	Loss: 0.1081
Train Epoch: 19 [76800/100000 (77%)]	Loss: 0.1686
Training time for epoch 19: 81.80580615997314 seconds
Throughput in training for epoch 19: 1222.407121133281 images/sec
Train set: Average loss: 0.1119
Testing time: 7.31535530090332 seconds
Throughput for testing: 1366.9876019234734 images/sec
Test set: Average loss: 5.9758, Accuracy: 0.2953, Precision: 0.3202, Recall: 0.2953, F1: 0.2947, Average: 0.3014

############ Epoch: 20 start ###############
Train Epoch: 20 [0/100000 (0%)]	Loss: 0.0818
Train Epoch: 20 [25600/100000 (26%)]	Loss: 0.1423
Train Epoch: 20 [51200/100000 (51%)]	Loss: 0.1202
Train Epoch: 20 [76800/100000 (77%)]	Loss: 0.1592
Training time for epoch 20: 80.49891543388367 seconds
Throughput in training for epoch 20: 1242.2527615559393 images/sec
Train set: Average loss: 0.1168
Testing time: 7.370712518692017 seconds
Throughput for testing: 1356.7209377166928 images/sec
Test set: Average loss: 7.3634, Accuracy: 0.2273, Precision: 0.3045, Recall: 0.2273, F1: 0.2310, Average: 0.2475

############ Epoch: 21 start ###############
Train Epoch: 21 [0/100000 (0%)]	Loss: 0.0564
Train Epoch: 21 [25600/100000 (26%)]	Loss: 0.0894
Train Epoch: 21 [51200/100000 (51%)]	Loss: 0.1017
Train Epoch: 21 [76800/100000 (77%)]	Loss: 0.0856
Training time for epoch 21: 81.92717432975769 seconds
Throughput in training for epoch 21: 1220.5962285175247 images/sec
Train set: Average loss: 0.0874
Testing time: 7.458110094070435 seconds
Throughput for testing: 1340.822255754912 images/sec
Test set: Average loss: 5.8892, Accuracy: 0.2997, Precision: 0.3187, Recall: 0.2997, F1: 0.2978, Average: 0.3040

############ Epoch: 22 start ###############
Train Epoch: 22 [0/100000 (0%)]	Loss: 0.0657
Train Epoch: 22 [25600/100000 (26%)]	Loss: 0.0262
Train Epoch: 22 [51200/100000 (51%)]	Loss: 0.0357
Train Epoch: 22 [76800/100000 (77%)]	Loss: 0.0933
Training time for epoch 22: 83.7462306022644 seconds
Throughput in training for epoch 22: 1194.0835937432164 images/sec
Train set: Average loss: 0.0612
Testing time: 7.563910007476807 seconds
Throughput for testing: 1322.0675537010827 images/sec
Test set: Average loss: 6.1763, Accuracy: 0.2997, Precision: 0.3178, Recall: 0.2997, F1: 0.2959, Average: 0.3033

############ Epoch: 23 start ###############
Train Epoch: 23 [0/100000 (0%)]	Loss: 0.0621
Train Epoch: 23 [25600/100000 (26%)]	Loss: 0.0490
Train Epoch: 23 [51200/100000 (51%)]	Loss: 0.0980
Train Epoch: 23 [76800/100000 (77%)]	Loss: 0.1334
Training time for epoch 23: 81.74010825157166 seconds
Throughput in training for epoch 23: 1223.389620334608 images/sec
Train set: Average loss: 0.0949
Testing time: 7.592641592025757 seconds
Throughput for testing: 1317.0646709443777 images/sec
Test set: Average loss: 6.1996, Accuracy: 0.2902, Precision: 0.3158, Recall: 0.2902, F1: 0.2912, Average: 0.2968
Early stopping at epoch 23
Testing time: 7.403955936431885 seconds
Throughput for testing: 1350.6293238178293 images/sec
Test set: Average loss: 3.2258, Accuracy: 0.2712, Precision: 0.3184, Recall: 0.2712, F1: 0.2634, Average: 0.2810
Test set: Average loss: 3.2258
accuracy: 0.271200
precision: 0.318412
recall: 0.271200
f1: 0.263371
average: 0.281046
