nohup: 忽略输入
No model to resume
############ Epoch: 0 start ###############
Train Epoch: 0 [0/100000 (0%)]	Loss: 5.4180
Train Epoch: 0 [25600/100000 (26%)]	Loss: 4.5047
Train Epoch: 0 [51200/100000 (51%)]	Loss: 4.0191
Train Epoch: 0 [76800/100000 (77%)]	Loss: 3.7452
Training time for epoch 0: 82.56514096260071 seconds
Throughput in training for epoch 0: 1211.1648915526798 images/sec
Train set: Average loss: 4.2508
Testing time: 7.623142957687378 seconds
Throughput for testing: 1311.7948929339882 images/sec
Test set: Average loss: 4.2285, Accuracy: 0.1161, Precision: 0.1896, Recall: 0.1161, F1: 0.1452, Average: 0.1417
Saving model at epoch 0 with test loss of 4.2285

############ Epoch: 1 start ###############
Train Epoch: 1 [0/100000 (0%)]	Loss: 3.4006
Train Epoch: 1 [25600/100000 (26%)]	Loss: 3.5325
Train Epoch: 1 [51200/100000 (51%)]	Loss: 3.3408
Train Epoch: 1 [76800/100000 (77%)]	Loss: 3.1198
Training time for epoch 1: 80.75612926483154 seconds
Throughput in training for epoch 1: 1238.2961009938965 images/sec
Train set: Average loss: 3.4048
Testing time: 7.307726621627808 seconds
Throughput for testing: 1368.4146271159339 images/sec
Test set: Average loss: 3.4064, Accuracy: 0.2286, Precision: 0.2574, Recall: 0.2286, F1: 0.2241, Average: 0.2347
Saving model at epoch 1 with test loss of 3.4064

############ Epoch: 2 start ###############
Train Epoch: 2 [0/100000 (0%)]	Loss: 3.1164
Train Epoch: 2 [25600/100000 (26%)]	Loss: 3.0594
Train Epoch: 2 [51200/100000 (51%)]	Loss: 2.8685
Train Epoch: 2 [76800/100000 (77%)]	Loss: 2.8290
Training time for epoch 2: 81.70254564285278 seconds
Throughput in training for epoch 2: 1223.9520716665436 images/sec
Train set: Average loss: 2.9734
Testing time: 7.329675912857056 seconds
Throughput for testing: 1364.3168018464366 images/sec
Test set: Average loss: 3.5082, Accuracy: 0.2371, Precision: 0.2931, Recall: 0.2371, F1: 0.2383, Average: 0.2514

############ Epoch: 3 start ###############
Train Epoch: 3 [0/100000 (0%)]	Loss: 2.8169
Train Epoch: 3 [25600/100000 (26%)]	Loss: 2.8189
Train Epoch: 3 [51200/100000 (51%)]	Loss: 2.7261
Train Epoch: 3 [76800/100000 (77%)]	Loss: 2.5136
Training time for epoch 3: 79.39684057235718 seconds
Throughput in training for epoch 3: 1259.4959607853216 images/sec
Train set: Average loss: 2.6173
Testing time: 7.369199275970459 seconds
Throughput for testing: 1356.9995362465058 images/sec
Test set: Average loss: 3.2674, Accuracy: 0.2753, Precision: 0.3443, Recall: 0.2753, F1: 0.2724, Average: 0.2918
Saving model at epoch 3 with test loss of 3.2674

############ Epoch: 4 start ###############
Train Epoch: 4 [0/100000 (0%)]	Loss: 2.2506
Train Epoch: 4 [25600/100000 (26%)]	Loss: 2.2757
Train Epoch: 4 [51200/100000 (51%)]	Loss: 2.3740
Train Epoch: 4 [76800/100000 (77%)]	Loss: 2.2965
Training time for epoch 4: 79.16791081428528 seconds
Throughput in training for epoch 4: 1263.138043829189 images/sec
Train set: Average loss: 2.2638
Testing time: 7.236952066421509 seconds
Throughput for testing: 1381.797185917351 images/sec
Test set: Average loss: 3.0746, Accuracy: 0.3062, Precision: 0.3667, Recall: 0.3062, F1: 0.3050, Average: 0.3210
Saving model at epoch 4 with test loss of 3.0746

############ Epoch: 5 start ###############
Train Epoch: 5 [0/100000 (0%)]	Loss: 1.8450
Train Epoch: 5 [25600/100000 (26%)]	Loss: 1.9437
Train Epoch: 5 [51200/100000 (51%)]	Loss: 1.8587
Train Epoch: 5 [76800/100000 (77%)]	Loss: 1.7238
Training time for epoch 5: 81.22890639305115 seconds
Throughput in training for epoch 5: 1231.0888382039655 images/sec
Train set: Average loss: 1.8821
Testing time: 7.315682411193848 seconds
Throughput for testing: 1366.9264790252284 images/sec
Test set: Average loss: 3.4005, Accuracy: 0.2896, Precision: 0.3619, Recall: 0.2896, F1: 0.2932, Average: 0.3086

############ Epoch: 6 start ###############
Train Epoch: 6 [0/100000 (0%)]	Loss: 1.3640
Train Epoch: 6 [25600/100000 (26%)]	Loss: 1.2946
Train Epoch: 6 [51200/100000 (51%)]	Loss: 1.4691
Train Epoch: 6 [76800/100000 (77%)]	Loss: 1.4994
Training time for epoch 6: 79.47087383270264 seconds
Throughput in training for epoch 6: 1258.3226429662025 images/sec
Train set: Average loss: 1.4377
Testing time: 7.354426383972168 seconds
Throughput for testing: 1359.7253514962704 images/sec
Test set: Average loss: 3.5127, Accuracy: 0.2937, Precision: 0.3522, Recall: 0.2937, F1: 0.2933, Average: 0.3082

############ Epoch: 7 start ###############
Train Epoch: 7 [0/100000 (0%)]	Loss: 0.8921
Train Epoch: 7 [25600/100000 (26%)]	Loss: 0.8286
Train Epoch: 7 [51200/100000 (51%)]	Loss: 0.9138
Train Epoch: 7 [76800/100000 (77%)]	Loss: 0.9951
Training time for epoch 7: 80.30547404289246 seconds
Throughput in training for epoch 7: 1245.245124218909 images/sec
Train set: Average loss: 0.9603
Testing time: 7.477758169174194 seconds
Throughput for testing: 1337.299197669072 images/sec
Test set: Average loss: 3.5584, Accuracy: 0.3207, Precision: 0.3583, Recall: 0.3207, F1: 0.3219, Average: 0.3304

############ Epoch: 8 start ###############
Train Epoch: 8 [0/100000 (0%)]	Loss: 0.4868
Train Epoch: 8 [25600/100000 (26%)]	Loss: 0.4127
Train Epoch: 8 [51200/100000 (51%)]	Loss: 0.4282
Train Epoch: 8 [76800/100000 (77%)]	Loss: 0.6460
Training time for epoch 8: 81.11350584030151 seconds
Throughput in training for epoch 8: 1232.8403138792044 images/sec
Train set: Average loss: 0.5253
Testing time: 7.294122934341431 seconds
Throughput for testing: 1370.9667481636538 images/sec
Test set: Average loss: 4.0263, Accuracy: 0.3129, Precision: 0.3426, Recall: 0.3129, F1: 0.3118, Average: 0.3201

############ Epoch: 9 start ###############
Train Epoch: 9 [0/100000 (0%)]	Loss: 0.3352
Train Epoch: 9 [25600/100000 (26%)]	Loss: 0.1801
Train Epoch: 9 [51200/100000 (51%)]	Loss: 0.2164
Train Epoch: 9 [76800/100000 (77%)]	Loss: 0.2529
Training time for epoch 9: 79.26887440681458 seconds
Throughput in training for epoch 9: 1261.5292035912044 images/sec
Train set: Average loss: 0.2739
Testing time: 7.304487228393555 seconds
Throughput for testing: 1369.0214914920534 images/sec
Test set: Average loss: 4.6974, Accuracy: 0.2855, Precision: 0.3267, Recall: 0.2855, F1: 0.2883, Average: 0.2965

############ Epoch: 10 start ###############
Train Epoch: 10 [0/100000 (0%)]	Loss: 0.1585
Train Epoch: 10 [25600/100000 (26%)]	Loss: 0.1516
Train Epoch: 10 [51200/100000 (51%)]	Loss: 0.1697
Train Epoch: 10 [76800/100000 (77%)]	Loss: 0.1730
Training time for epoch 10: 79.69528007507324 seconds
Throughput in training for epoch 10: 1254.7794537618745 images/sec
Train set: Average loss: 0.1858
Testing time: 7.308760166168213 seconds
Throughput for testing: 1368.2211172134728 images/sec
Test set: Average loss: 4.9260, Accuracy: 0.2917, Precision: 0.3315, Recall: 0.2917, F1: 0.2917, Average: 0.3017

############ Epoch: 11 start ###############
Train Epoch: 11 [0/100000 (0%)]	Loss: 0.1560
Train Epoch: 11 [25600/100000 (26%)]	Loss: 0.1173
Train Epoch: 11 [51200/100000 (51%)]	Loss: 0.1470
Train Epoch: 11 [76800/100000 (77%)]	Loss: 0.2298
Training time for epoch 11: 79.24566435813904 seconds
Throughput in training for epoch 11: 1261.8986894735947 images/sec
Train set: Average loss: 0.1819
Testing time: 7.33238673210144 seconds
Throughput for testing: 1363.812407250651 images/sec
Test set: Average loss: 5.7449, Accuracy: 0.2446, Precision: 0.2931, Recall: 0.2446, F1: 0.2427, Average: 0.2562

############ Epoch: 12 start ###############
Train Epoch: 12 [0/100000 (0%)]	Loss: 0.2372
Train Epoch: 12 [25600/100000 (26%)]	Loss: 0.2072
Train Epoch: 12 [51200/100000 (51%)]	Loss: 0.2253
Train Epoch: 12 [76800/100000 (77%)]	Loss: 0.2023
Training time for epoch 12: 79.23130798339844 seconds
Throughput in training for epoch 12: 1262.1273401286433 images/sec
Train set: Average loss: 0.1972
Testing time: 7.278329610824585 seconds
Throughput for testing: 1373.941623243835 images/sec
Test set: Average loss: 5.2519, Accuracy: 0.2920, Precision: 0.3286, Recall: 0.2920, F1: 0.2947, Average: 0.3018

############ Epoch: 13 start ###############
Train Epoch: 13 [0/100000 (0%)]	Loss: 0.1690
Train Epoch: 13 [25600/100000 (26%)]	Loss: 0.1043
Train Epoch: 13 [51200/100000 (51%)]	Loss: 0.1355
Train Epoch: 13 [76800/100000 (77%)]	Loss: 0.1355
Training time for epoch 13: 79.19473886489868 seconds
Throughput in training for epoch 13: 1262.710142533506 images/sec
Train set: Average loss: 0.1372
Testing time: 7.239979982376099 seconds
Throughput for testing: 1381.219288498376 images/sec
Test set: Average loss: 5.2678, Accuracy: 0.3037, Precision: 0.3257, Recall: 0.3037, F1: 0.3018, Average: 0.3087

############ Epoch: 14 start ###############
Train Epoch: 14 [0/100000 (0%)]	Loss: 0.1176
Train Epoch: 14 [25600/100000 (26%)]	Loss: 0.0905
Train Epoch: 14 [51200/100000 (51%)]	Loss: 0.1316
Train Epoch: 14 [76800/100000 (77%)]	Loss: 0.1991
Training time for epoch 14: 79.39257621765137 seconds
Throughput in training for epoch 14: 1259.5636111599938 images/sec
Train set: Average loss: 0.1369
Testing time: 7.521293640136719 seconds
Throughput for testing: 1329.558514593272 images/sec
Test set: Average loss: 5.4893, Accuracy: 0.2949, Precision: 0.3314, Recall: 0.2949, F1: 0.2946, Average: 0.3039

############ Epoch: 15 start ###############
Train Epoch: 15 [0/100000 (0%)]	Loss: 0.1463
Train Epoch: 15 [25600/100000 (26%)]	Loss: 0.1369
Train Epoch: 15 [51200/100000 (51%)]	Loss: 0.1015
Train Epoch: 15 [76800/100000 (77%)]	Loss: 0.1801
Training time for epoch 15: 80.79470562934875 seconds
Throughput in training for epoch 15: 1237.7048622314048 images/sec
Train set: Average loss: 0.1462
Testing time: 7.365612506866455 seconds
Throughput for testing: 1357.660342663653 images/sec
Test set: Average loss: 5.6626, Accuracy: 0.2941, Precision: 0.3300, Recall: 0.2941, F1: 0.2948, Average: 0.3033

############ Epoch: 16 start ###############
Train Epoch: 16 [0/100000 (0%)]	Loss: 0.0862
Train Epoch: 16 [25600/100000 (26%)]	Loss: 0.1006
Train Epoch: 16 [51200/100000 (51%)]	Loss: 0.1150
Train Epoch: 16 [76800/100000 (77%)]	Loss: 0.0847
Training time for epoch 16: 81.26738905906677 seconds
Throughput in training for epoch 16: 1230.5058788995668 images/sec
Train set: Average loss: 0.1231
Testing time: 7.420217752456665 seconds
Throughput for testing: 1347.6693452411457 images/sec
Test set: Average loss: 5.6240, Accuracy: 0.2961, Precision: 0.3238, Recall: 0.2961, F1: 0.2965, Average: 0.3031

############ Epoch: 17 start ###############
Train Epoch: 17 [0/100000 (0%)]	Loss: 0.0629
Train Epoch: 17 [25600/100000 (26%)]	Loss: 0.0719
Train Epoch: 17 [51200/100000 (51%)]	Loss: 0.0675
Train Epoch: 17 [76800/100000 (77%)]	Loss: 0.1251
Training time for epoch 17: 81.11739325523376 seconds
Throughput in training for epoch 17: 1232.7812320762405 images/sec
Train set: Average loss: 0.0918
Testing time: 7.558257579803467 seconds
Throughput for testing: 1323.0562592522845 images/sec
Test set: Average loss: 5.7213, Accuracy: 0.3031, Precision: 0.3296, Recall: 0.3031, F1: 0.3040, Average: 0.3099

############ Epoch: 18 start ###############
Train Epoch: 18 [0/100000 (0%)]	Loss: 0.0673
Train Epoch: 18 [25600/100000 (26%)]	Loss: 0.0629
Train Epoch: 18 [51200/100000 (51%)]	Loss: 0.0691
Train Epoch: 18 [76800/100000 (77%)]	Loss: 0.1108
Training time for epoch 18: 80.36199593544006 seconds
Throughput in training for epoch 18: 1244.369292175575 images/sec
Train set: Average loss: 0.0928
Testing time: 7.359545707702637 seconds
Throughput for testing: 1358.7795221563492 images/sec
Test set: Average loss: 5.9641, Accuracy: 0.2994, Precision: 0.3287, Recall: 0.2994, F1: 0.3013, Average: 0.3072

############ Epoch: 19 start ###############
Train Epoch: 19 [0/100000 (0%)]	Loss: 0.0860
Train Epoch: 19 [25600/100000 (26%)]	Loss: 0.1008
Train Epoch: 19 [51200/100000 (51%)]	Loss: 0.1836
Train Epoch: 19 [76800/100000 (77%)]	Loss: 0.1320
Training time for epoch 19: 79.4448881149292 seconds
Throughput in training for epoch 19: 1258.734229134223 images/sec
Train set: Average loss: 0.1189
Testing time: 7.575695514678955 seconds
Throughput for testing: 1320.0108136109247 images/sec
Test set: Average loss: 6.1448, Accuracy: 0.2989, Precision: 0.3303, Recall: 0.2989, F1: 0.2967, Average: 0.3062

############ Epoch: 20 start ###############
Train Epoch: 20 [0/100000 (0%)]	Loss: 0.1244
Train Epoch: 20 [25600/100000 (26%)]	Loss: 0.0955
Train Epoch: 20 [51200/100000 (51%)]	Loss: 0.1080
Train Epoch: 20 [76800/100000 (77%)]	Loss: 0.1422
Training time for epoch 20: 79.80773663520813 seconds
Throughput in training for epoch 20: 1253.011352233786 images/sec
Train set: Average loss: 0.1233
Testing time: 7.263620615005493 seconds
Throughput for testing: 1376.7238860660727 images/sec
Test set: Average loss: 6.2302, Accuracy: 0.2757, Precision: 0.3186, Recall: 0.2757, F1: 0.2763, Average: 0.2866

############ Epoch: 21 start ###############
Train Epoch: 21 [0/100000 (0%)]	Loss: 0.0718
Train Epoch: 21 [25600/100000 (26%)]	Loss: 0.0622
Train Epoch: 21 [51200/100000 (51%)]	Loss: 0.1056
Train Epoch: 21 [76800/100000 (77%)]	Loss: 0.0904
Training time for epoch 21: 79.52205324172974 seconds
Throughput in training for epoch 21: 1257.5128020905315 images/sec
Train set: Average loss: 0.0891
Testing time: 7.584154367446899 seconds
Throughput for testing: 1318.5385628386625 images/sec
Test set: Average loss: 6.0668, Accuracy: 0.2990, Precision: 0.3201, Recall: 0.2990, F1: 0.2949, Average: 0.3032

############ Epoch: 22 start ###############
Train Epoch: 22 [0/100000 (0%)]	Loss: 0.0262
Train Epoch: 22 [25600/100000 (26%)]	Loss: 0.0278
Train Epoch: 22 [51200/100000 (51%)]	Loss: 0.0277
Train Epoch: 22 [76800/100000 (77%)]	Loss: 0.0862
Training time for epoch 22: 79.25882959365845 seconds
Throughput in training for epoch 22: 1261.6890826255787 images/sec
Train set: Average loss: 0.0727
Testing time: 7.451841354370117 seconds
Throughput for testing: 1341.950200554863 images/sec
Test set: Average loss: 6.3819, Accuracy: 0.2853, Precision: 0.3135, Recall: 0.2853, F1: 0.2840, Average: 0.2920

############ Epoch: 23 start ###############
Train Epoch: 23 [0/100000 (0%)]	Loss: 0.0728
Train Epoch: 23 [25600/100000 (26%)]	Loss: 0.0469
Train Epoch: 23 [51200/100000 (51%)]	Loss: 0.0665
Train Epoch: 23 [76800/100000 (77%)]	Loss: 0.1265
Training time for epoch 23: 81.54359936714172 seconds
Throughput in training for epoch 23: 1226.3378214366062 images/sec
Train set: Average loss: 0.0802
Testing time: 7.664160490036011 seconds
Throughput for testing: 1304.7743471709339 images/sec
Test set: Average loss: 6.4807, Accuracy: 0.2909, Precision: 0.3090, Recall: 0.2909, F1: 0.2889, Average: 0.2949

############ Epoch: 24 start ###############
Train Epoch: 24 [0/100000 (0%)]	Loss: 0.0987
Train Epoch: 24 [25600/100000 (26%)]	Loss: 0.0443
Train Epoch: 24 [51200/100000 (51%)]	Loss: 0.1219
Train Epoch: 24 [76800/100000 (77%)]	Loss: 0.1312
Training time for epoch 24: 78.91216397285461 seconds
Throughput in training for epoch 24: 1267.2317544656296 images/sec
Train set: Average loss: 0.1022
Testing time: 7.011661529541016 seconds
Throughput for testing: 1426.195482749522 images/sec
Test set: Average loss: 6.2225, Accuracy: 0.3065, Precision: 0.3205, Recall: 0.3065, F1: 0.3022, Average: 0.3089
Early stopping at epoch 24
Testing time: 7.011587381362915 seconds
Throughput for testing: 1426.2105648972454 images/sec
Test set: Average loss: 3.0746, Accuracy: 0.3062, Precision: 0.3667, Recall: 0.3062, F1: 0.3050, Average: 0.3210
Test set: Average loss: 3.0746
accuracy: 0.306200
precision: 0.366732
recall: 0.306200
f1: 0.305010
average: 0.321036
